2024-10-22 15:33:39,844 - __main__ - INFO - NLTK resources downloaded successfully
2024-10-22 15:33:42,813 - __main__ - INFO - Successfully fetched content for Vietnam War
2024-10-22 15:33:46,840 - __main__ - ERROR - An error occurred during execution: 'VisualizationGenerator' object has no attribute 'article_vi'
Traceback (most recent call last):
  File "C:\Users\84388\AppData\Local\Temp\ipykernel_13664\1417491173.py", line 3, in <module>
    main()
  File "C:\Users\84388\AppData\Local\Temp\ipykernel_13664\3787799472.py", line 34, in main
    visualization_generator.generate_visualizations()
  File "C:\Users\84388\AppData\Local\Temp\ipykernel_13664\3402671859.py", line 13, in generate_visualizations
    self._generate_wordcloud()
  File "C:\Users\84388\AppData\Local\Temp\ipykernel_13664\3402671859.py", line 116, in _generate_wordcloud
    vi_cloud = generate_cloud(self.article_vi.content, 'Vietnamese Word Cloud')
                              ^^^^^^^^^^^^^^^
AttributeError: 'VisualizationGenerator' object has no attribute 'article_vi'
2024-10-22 15:42:31,169 - __main__ - INFO - NLTK resources downloaded successfully
2024-10-22 15:42:33,763 - __main__ - INFO - Successfully fetched content for Vietnam War
2024-10-22 15:42:37,350 - __main__ - ERROR - An error occurred during execution: 'VisualizationGenerator' object has no attribute '_generate_wordcloud'
Traceback (most recent call last):
  File "C:\Users\84388\AppData\Local\Temp\ipykernel_13664\1417491173.py", line 3, in <module>
    main()
  File "C:\Users\84388\AppData\Local\Temp\ipykernel_13664\3787799472.py", line 34, in main
    visualization_generator.generate_visualizations()
  File "C:\Users\84388\AppData\Local\Temp\ipykernel_13664\2613346127.py", line 13, in generate_visualizations
    self._generate_wordcloud()
    ^^^^^^^^^^^^^^^^^^^^^^^^
AttributeError: 'VisualizationGenerator' object has no attribute '_generate_wordcloud'
2024-10-22 15:43:27,436 - __main__ - INFO - NLTK resources downloaded successfully
2024-10-22 15:43:30,141 - __main__ - INFO - Successfully fetched content for Vietnam War
2024-10-22 15:43:34,156 - __main__ - INFO - Analysis completed successfully
